-------------------------------------------------------------------------------
Test set: model.net.ClientRestfulPostTest
-------------------------------------------------------------------------------
Tests run: 1, Failures: 0, Errors: 1, Skipped: 0, Time elapsed: 0.388 sec <<< FAILURE!
testSend(model.net.ClientRestfulPostTest)  Time elapsed: 0.388 sec  <<< ERROR!
org.apache.http.conn.HttpHostConnectException: Connection to http://192.168.208.9:8080 refused
	at org.apache.http.impl.conn.DefaultClientConnectionOperator.openConnection(DefaultClientConnectionOperator.java:190)
	at org.apache.http.impl.conn.ManagedClientConnectionImpl.open(ManagedClientConnectionImpl.java:294)
	at org.apache.http.impl.client.DefaultRequestDirector.tryConnect(DefaultRequestDirector.java:640)
	at org.apache.http.impl.client.DefaultRequestDirector.execute(DefaultRequestDirector.java:479)
	at org.apache.http.impl.client.AbstractHttpClient.execute(AbstractHttpClient.java:906)
	at org.apache.http.impl.client.AbstractHttpClient.execute(AbstractHttpClient.java:805)
	at org.jboss.resteasy.client.core.executors.ApacheHttpClient4Executor.execute(ApacheHttpClient4Executor.java:199)
	at org.jboss.resteasy.core.interception.ClientExecutionContextImpl.proceed(ClientExecutionContextImpl.java:41)
	at org.jboss.resteasy.plugins.interceptors.encoding.AcceptEncodingGZIPInterceptor.execute(AcceptEncodingGZIPInterceptor.java:40)
	at org.jboss.resteasy.core.interception.ClientExecutionContextImpl.proceed(ClientExecutionContextImpl.java:47)
	at org.jboss.resteasy.client.ClientRequest.execute(ClientRequest.java:441)
	at org.jboss.resteasy.client.ClientRequest.httpMethod(ClientRequest.java:682)
	at org.jboss.resteasy.client.ClientRequest.post(ClientRequest.java:566)
	at org.jboss.resteasy.client.ClientRequest.post(ClientRequest.java:571)
	at model.net.ClientRestfulPost.post(ClientRestfulPost.java:123)
	at model.net.ClientRestfulPostTest.testSend(ClientRestfulPostTest.java:44)
Caused by: java.net.ConnectException: Connection refused
	at java.net.PlainSocketImpl.socketConnect(Native Method)
	at java.net.AbstractPlainSocketImpl.doConnect(AbstractPlainSocketImpl.java:339)
	at java.net.AbstractPlainSocketImpl.connectToAddress(AbstractPlainSocketImpl.java:200)
	at java.net.AbstractPlainSocketImpl.connect(AbstractPlainSocketImpl.java:182)
	at java.net.SocksSocketImpl.connect(SocksSocketImpl.java:392)
	at java.net.Socket.connect(Socket.java:579)
	at org.apache.http.conn.scheme.PlainSocketFactory.connectSocket(PlainSocketFactory.java:127)
	at org.apache.http.impl.conn.DefaultClientConnectionOperator.openConnection(DefaultClientConnectionOperator.java:180)
	... 43 more
